Experiment 2194163baa5d_20260201183640 started at 2026-02-01T13:36:40.483397
Base config hash: 2194163baa5d
Configuration: {
  "model_name": "ministral-3:3b-cloud",
  "embedding_model": "embeddinggemma",
  "chunk_size": 3000,
  "chunk_overlap": 500,
  "temperature": null,
  "top_p": null,
  "top_k": null,
  "max_judge_retries": 0,
  "max_oml_retries": 4,
  "judge_model_name": "glm-4.7:cloud",
  "baseline_full_doc": false,
  "baseline_max_chars": 24000,
  "custom_params": {
    "custom_params": {
      "experiment_batch": "experiments_crane_1",
      "experiment_number": 416,
      "parameter_combination": 17,
      "repetition": 16
    }
  }
}
