Experiment 50a9806b2b4e_20260201155305 started at 2026-02-01T10:53:05.096964
Base config hash: 50a9806b2b4e
Configuration: {
  "model_name": "ministral-3:14b-cloud",
  "embedding_model": "embeddinggemma",
  "chunk_size": 3000,
  "chunk_overlap": 500,
  "temperature": null,
  "top_p": null,
  "top_k": null,
  "max_judge_retries": 0,
  "max_oml_retries": 4,
  "judge_model_name": "glm-4.7:cloud",
  "baseline_full_doc": true,
  "baseline_max_chars": 24000,
  "custom_params": {
    "custom_params": {
      "experiment_batch": "experiments_crane_1",
      "experiment_number": 347,
      "parameter_combination": 14,
      "repetition": 22
    }
  }
}
