Experiment 6edf6fac4256_20260201183937 started at 2026-02-01T13:39:37.761002
Base config hash: 6edf6fac4256
Configuration: {
  "model_name": "ministral-3:3b-cloud",
  "embedding_model": "embeddinggemma",
  "chunk_size": 3000,
  "chunk_overlap": 500,
  "temperature": null,
  "top_p": null,
  "top_k": null,
  "max_judge_retries": 0,
  "max_oml_retries": 4,
  "judge_model_name": "glm-4.7:cloud",
  "baseline_full_doc": false,
  "baseline_max_chars": 24000,
  "custom_params": {
    "custom_params": {
      "experiment_batch": "experiments_crane_1",
      "experiment_number": 425,
      "parameter_combination": 17,
      "repetition": 25
    }
  }
}
