Experiment 9d2d491f5484_20260201214250 started at 2026-02-01T16:42:50.520854
Base config hash: 9d2d491f5484
Configuration: {
  "model_name": "ministral-3:8b-cloud",
  "embedding_model": "embeddinggemma",
  "chunk_size": 3000,
  "chunk_overlap": 500,
  "temperature": null,
  "top_p": null,
  "top_k": null,
  "max_judge_retries": 0,
  "max_oml_retries": 4,
  "judge_model_name": "glm-4.7:cloud",
  "baseline_full_doc": true,
  "baseline_max_chars": 24000,
  "custom_params": {
    "custom_params": {
      "experiment_batch": "experiments_crane_1",
      "experiment_number": 542,
      "parameter_combination": 22,
      "repetition": 17
    }
  }
}
