Experiment 0b3ae624fde6_20260131234217 started at 2026-01-31T18:42:17.512498
Base config hash: 0b3ae624fde6
Configuration: {
  "model_name": "ministral-3:8b-cloud",
  "embedding_model": "embeddinggemma",
  "chunk_size": 3000,
  "chunk_overlap": 500,
  "temperature": null,
  "top_p": null,
  "top_k": null,
  "max_judge_retries": 2,
  "max_oml_retries": 4,
  "judge_model_name": "glm-4.7:cloud",
  "baseline_full_doc": false,
  "baseline_max_chars": 24000,
  "custom_params": {
    "custom_params": {
      "experiment_batch": "experiments_aeco_1",
      "experiment_number": 556,
      "parameter_combination": 23,
      "repetition": 6
    }
  }
}
