Experiment ba8c81a883ca_20260201162405 started at 2026-02-01T11:24:05.606226
Base config hash: ba8c81a883ca
Configuration: {
  "model_name": "ministral-3:14b-cloud",
  "embedding_model": "embeddinggemma",
  "chunk_size": 3000,
  "chunk_overlap": 500,
  "temperature": null,
  "top_p": null,
  "top_k": null,
  "max_judge_retries": 2,
  "max_oml_retries": 4,
  "judge_model_name": "glm-4.7:cloud",
  "baseline_full_doc": false,
  "baseline_max_chars": 24000,
  "custom_params": {
    "custom_params": {
      "experiment_batch": "experiments_crane_1",
      "experiment_number": 360,
      "parameter_combination": 15,
      "repetition": 10
    }
  }
}
