Experiment ba8158ace147_20260204110512 started at 2026-02-04T06:05:12.538430
Base config hash: ba8158ace147
Configuration: {
  "model_name": "ministral-3:3b-cloud",
  "embedding_model": "embeddinggemma",
  "chunk_size": 3000,
  "chunk_overlap": 500,
  "temperature": null,
  "top_p": null,
  "top_k": null,
  "max_judge_retries": 0,
  "max_oml_retries": 4,
  "judge_model_name": "glm-4.7:cloud",
  "baseline_full_doc": true,
  "baseline_max_chars": 24000,
  "custom_params": {
    "custom_params": {
      "experiment_batch": "experiments_incubator_1",
      "experiment_number": 81,
      "parameter_combination": 18,
      "repetition": 5
    }
  }
}
