Experiment 14d0f3a483e0_20260202203806 started at 2026-02-02T15:38:06.658322
Base config hash: 14d0f3a483e0
Configuration: {
  "model_name": "ministral-3:3b-cloud",
  "embedding_model": "embeddinggemma",
  "chunk_size": 3000,
  "chunk_overlap": 500,
  "temperature": null,
  "top_p": null,
  "top_k": null,
  "max_judge_retries": 2,
  "max_oml_retries": 4,
  "judge_model_name": "glm-4.7:cloud",
  "baseline_full_doc": true,
  "baseline_max_chars": 24000,
  "custom_params": {
    "custom_params": {
      "experiment_batch": "experiments_automotive_6",
      "experiment_number": 492,
      "parameter_combination": 20,
      "repetition": 17
    }
  }
}
