Experiment a0e5388dc285_20260202222351 started at 2026-02-02T17:23:51.512123
Base config hash: a0e5388dc285
Configuration: {
  "model_name": "ministral-3:8b-cloud",
  "embedding_model": "embeddinggemma",
  "chunk_size": 3000,
  "chunk_overlap": 500,
  "temperature": null,
  "top_p": null,
  "top_k": null,
  "max_judge_retries": 2,
  "max_oml_retries": 4,
  "judge_model_name": "glm-4.7:cloud",
  "baseline_full_doc": false,
  "baseline_max_chars": 24000,
  "custom_params": {
    "custom_params": {
      "experiment_batch": "experiments_automotive_6",
      "experiment_number": 561,
      "parameter_combination": 23,
      "repetition": 11
    }
  }
}
