Experiment c806d18342fd_20260203020228 started at 2026-02-02T21:02:28.406438
Base config hash: c806d18342fd
Configuration: {
  "model_name": "ministral-3:8b-cloud",
  "embedding_model": "embeddinggemma",
  "chunk_size": 3000,
  "chunk_overlap": 500,
  "temperature": null,
  "top_p": null,
  "top_k": null,
  "max_judge_retries": 2,
  "max_oml_retries": 4,
  "judge_model_name": "glm-4.7:cloud",
  "baseline_full_doc": false,
  "baseline_max_chars": 24000,
  "custom_params": {
    "custom_params": {
      "experiment_batch": "experiments_automotive_6",
      "experiment_number": 558,
      "parameter_combination": 23,
      "repetition": 8
    }
  }
}
