Experiment 058c45fdf9a3_20260203223811 started at 2026-02-03T17:38:11.177120
Base config hash: 058c45fdf9a3
Configuration: {
  "model_name": "ministral-3:14b-cloud",
  "embedding_model": "embeddinggemma",
  "chunk_size": 3000,
  "chunk_overlap": 500,
  "temperature": null,
  "top_p": null,
  "top_k": null,
  "max_judge_retries": 0,
  "max_oml_retries": 4,
  "judge_model_name": "glm-4.7:cloud",
  "baseline_full_doc": false,
  "baseline_max_chars": 24000,
  "custom_params": {
    "custom_params": {
      "experiment_batch": "experiments_incubator_1",
      "experiment_number": 48,
      "parameter_combination": 13,
      "repetition": 2
    }
  }
}
