Experiment 1ed410e1b9cb_20260204073928 started at 2026-02-04T02:39:28.837835
Base config hash: 1ed410e1b9cb
Configuration: {
  "model_name": "ministral-3:14b-cloud",
  "embedding_model": "embeddinggemma",
  "chunk_size": 3000,
  "chunk_overlap": 500,
  "temperature": null,
  "top_p": null,
  "top_k": null,
  "max_judge_retries": 2,
  "max_oml_retries": 4,
  "judge_model_name": "glm-4.7:cloud",
  "baseline_full_doc": false,
  "baseline_max_chars": 24000,
  "custom_params": {
    "custom_params": {
      "experiment_batch": "experiments_incubator_1",
      "experiment_number": 7,
      "parameter_combination": 15,
      "repetition": 6
    }
  }
}
