Experiment 235be7a6075f_20260204140712 started at 2026-02-04T09:07:12.071800
Base config hash: 235be7a6075f
Configuration: {
  "model_name": "ministral-3:8b-cloud",
  "embedding_model": "embeddinggemma",
  "chunk_size": 3000,
  "chunk_overlap": 500,
  "temperature": null,
  "top_p": null,
  "top_k": null,
  "max_judge_retries": 0,
  "max_oml_retries": 4,
  "judge_model_name": "glm-4.7:cloud",
  "baseline_full_doc": true,
  "baseline_max_chars": 24000,
  "custom_params": {
    "custom_params": {
      "experiment_batch": "experiments_incubator_1",
      "experiment_number": 194,
      "parameter_combination": 22,
      "repetition": 18
    }
  }
}
