Experiment 857469ee3a39_20260204105447 started at 2026-02-04T05:54:47.265877
Base config hash: 857469ee3a39
Configuration: {
  "model_name": "ministral-3:3b-cloud",
  "embedding_model": "embeddinggemma",
  "chunk_size": 3000,
  "chunk_overlap": 500,
  "temperature": null,
  "top_p": null,
  "top_k": null,
  "max_judge_retries": 0,
  "max_oml_retries": 4,
  "judge_model_name": "glm-4.7:cloud",
  "baseline_full_doc": false,
  "baseline_max_chars": 24000,
  "custom_params": {
    "custom_params": {
      "experiment_batch": "experiments_incubator_1",
      "experiment_number": 54,
      "parameter_combination": 17,
      "repetition": 3
    }
  }
}
