Experiment 5c6ebf32fbf8_20260205120519 started at 2026-02-05T07:05:19.018973
Base config hash: 5c6ebf32fbf8
Configuration: {
  "model_name": "ministral-3:3b-cloud",
  "embedding_model": "embeddinggemma",
  "chunk_size": 3000,
  "chunk_overlap": 500,
  "temperature": null,
  "top_p": null,
  "top_k": null,
  "max_judge_retries": 0,
  "max_oml_retries": 4,
  "judge_model_name": "glm-4.7:cloud",
  "baseline_full_doc": false,
  "baseline_max_chars": 24000,
  "custom_params": {
    "custom_params": {
      "experiment_batch": "experiments_robot_2",
      "experiment_number": 413,
      "parameter_combination": 17,
      "repetition": 13
    }
  }
}
