Experiment 89b4f51b62ba_20260131150427 started at 2026-01-31T10:04:27.704952
Base config hash: 89b4f51b62ba
Configuration: {
  "model_name": "ministral-3:8b-cloud",
  "embedding_model": "embeddinggemma",
  "chunk_size": 3000,
  "chunk_overlap": 500,
  "temperature": null,
  "top_p": null,
  "top_k": null,
  "max_judge_retries": 2,
  "max_oml_retries": 4,
  "judge_model_name": "glm-4.7:cloud",
  "baseline_full_doc": false,
  "baseline_max_chars": 24000,
  "custom_params": {
    "custom_params": {
      "experiment_batch": "experiments_robot_1",
      "experiment_number": 264,
      "parameter_combination": 23,
      "repetition": 14
    }
  }
}
