Experiment 8d0a4cb82b22_20260131120942 started at 2026-01-31T07:09:42.083658
Base config hash: 8d0a4cb82b22
Configuration: {
  "model_name": "ministral-3:3b-cloud",
  "embedding_model": "embeddinggemma",
  "chunk_size": 3000,
  "chunk_overlap": 500,
  "temperature": null,
  "top_p": null,
  "top_k": null,
  "max_judge_retries": 2,
  "max_oml_retries": 4,
  "judge_model_name": "glm-4.7:cloud",
  "baseline_full_doc": false,
  "baseline_max_chars": 24000,
  "custom_params": {
    "custom_params": {
      "experiment_batch": "experiments_robot_1",
      "experiment_number": 225,
      "parameter_combination": 19,
      "repetition": 25
    }
  }
}
