Experiment b190b6bb704a_20260131082505 started at 2026-01-31T03:25:05.654674
Base config hash: b190b6bb704a
Configuration: {
  "model_name": "ministral-3:14b-cloud",
  "embedding_model": "embeddinggemma",
  "chunk_size": 3000,
  "chunk_overlap": 500,
  "temperature": null,
  "top_p": null,
  "top_k": null,
  "max_judge_retries": 2,
  "max_oml_retries": 4,
  "judge_model_name": "glm-4.7:cloud",
  "baseline_full_doc": true,
  "baseline_max_chars": 24000,
  "custom_params": {
    "custom_params": {
      "experiment_batch": "experiments_robot_1",
      "experiment_number": 178,
      "parameter_combination": 16,
      "repetition": 3
    }
  }
}
