Experiment ee0d24cec56b_20260202215500 started at 2026-02-02T16:55:00.289671
Base config hash: ee0d24cec56b
Configuration: {
  "model_name": "ministral-3:8b-cloud",
  "embedding_model": "embeddinggemma",
  "chunk_size": 3000,
  "chunk_overlap": 500,
  "temperature": null,
  "top_p": null,
  "top_k": null,
  "max_judge_retries": 0,
  "max_oml_retries": 4,
  "judge_model_name": "glm-4.7:cloud",
  "baseline_full_doc": true,
  "baseline_max_chars": 24000,
  "custom_params": {
    "custom_params": {
      "experiment_batch": "experiments_automotive_6",
      "experiment_number": 546,
      "parameter_combination": 22,
      "repetition": 21
    }
  }
}
