Experiment 19ed31bae35b_20260205190913 started at 2026-02-05T14:09:13.757711
Base config hash: 19ed31bae35b
Configuration: {
  "model_name": "ministral-3:3b-cloud",
  "embedding_model": "embeddinggemma",
  "chunk_size": 3000,
  "chunk_overlap": 500,
  "temperature": null,
  "top_p": null,
  "top_k": null,
  "max_judge_retries": 2,
  "max_oml_retries": 4,
  "judge_model_name": "glm-4.7:cloud",
  "baseline_full_doc": false,
  "baseline_max_chars": 24000,
  "custom_params": {
    "custom_params": {
      "experiment_batch": "experiments_robot_2",
      "experiment_number": 10,
      "parameter_combination": 19,
      "repetition": 17
    }
  }
}
