Experiment d985840027fb_20260205233219 started at 2026-02-05T18:32:19.175124
Base config hash: d985840027fb
Configuration: {
  "model_name": "ministral-3:8b-cloud",
  "embedding_model": "embeddinggemma",
  "chunk_size": 3000,
  "chunk_overlap": 500,
  "temperature": null,
  "top_p": null,
  "top_k": null,
  "max_judge_retries": 0,
  "max_oml_retries": 4,
  "judge_model_name": "glm-4.7:cloud",
  "baseline_full_doc": true,
  "baseline_max_chars": 24000,
  "custom_params": {
    "custom_params": {
      "experiment_batch": "experiments_robot_2",
      "experiment_number": 95,
      "parameter_combination": 22,
      "repetition": 24
    }
  }
}
