Experiment 0a78b10bd979_20260131232557 started at 2026-01-31T18:25:57.915054
Base config hash: 0a78b10bd979
Configuration: {
  "model_name": "ministral-3:8b-cloud",
  "embedding_model": "embeddinggemma",
  "chunk_size": 3000,
  "chunk_overlap": 500,
  "temperature": null,
  "top_p": null,
  "top_k": null,
  "max_judge_retries": 2,
  "max_oml_retries": 4,
  "judge_model_name": "glm-4.7:cloud",
  "baseline_full_doc": false,
  "baseline_max_chars": 24000,
  "custom_params": {
    "custom_params": {
      "experiment_batch": "experiments_aeco_1",
      "experiment_number": 551,
      "parameter_combination": 23,
      "repetition": 1
    }
  }
}
