Experiment bd1d14561ceb_20260131203153 started at 2026-01-31T15:31:53.196714
Base config hash: bd1d14561ceb
Configuration: {
  "model_name": "ministral-3:3b-cloud",
  "embedding_model": "embeddinggemma",
  "chunk_size": 3000,
  "chunk_overlap": 500,
  "temperature": null,
  "top_p": null,
  "top_k": null,
  "max_judge_retries": 0,
  "max_oml_retries": 4,
  "judge_model_name": "glm-4.7:cloud",
  "baseline_full_doc": true,
  "baseline_max_chars": 24000,
  "custom_params": {
    "custom_params": {
      "experiment_batch": "experiments_aeco_1",
      "experiment_number": 442,
      "parameter_combination": 18,
      "repetition": 17
    }
  }
}
