Experiment e60cb8cc2e36_20260131152548 started at 2026-01-31T10:25:48.279746
Base config hash: e60cb8cc2e36
Configuration: {
  "model_name": "ministral-3:14b-cloud",
  "embedding_model": "embeddinggemma",
  "chunk_size": 3000,
  "chunk_overlap": 500,
  "temperature": null,
  "top_p": null,
  "top_k": null,
  "max_judge_retries": 0,
  "max_oml_retries": 4,
  "judge_model_name": "glm-4.7:cloud",
  "baseline_full_doc": false,
  "baseline_max_chars": 24000,
  "custom_params": {
    "custom_params": {
      "experiment_batch": "experiments_aeco_1",
      "experiment_number": 303,
      "parameter_combination": 13,
      "repetition": 3
    }
  }
}
